Thread   dispatcher: yielding
 u8: 0xFF
u16: 0xF0F0
u32: 0xA0A0A0A
Thread  basic_types: exiting
Thread   dispatcher: resuming
Thread   dispatcher: yielding
Thread  large_alloc: exiting
Thread   dispatcher: resuming
Thread   dispatcher: yielding
Thread   fragmented: exiting
Thread   dispatcher: resuming
Thread   dispatcher: yielding
Thread       errors: exiting
Thread   dispatcher: resuming
Thread   dispatcher: yielding
Thread realloc_more: exiting
Thread   dispatcher: resuming
Thread   dispatcher: yielding
Thread realloc_less: exiting
Thread   dispatcher: resuming
Thread   dispatcher: yielding
Thread realloc_free: exiting
Thread   dispatcher: resuming
Thread   dispatcher: yielding
Thread realloc_fail: exiting
Thread   dispatcher: resuming
Thread   dispatcher: yielding
Thread protect_allo: yielding
Thread check_protec: exiting
Thread   dispatcher: resuming
Thread   dispatcher: yielding
Thread protect_allo: resuming
Thread protect_allo: exiting
Thread   dispatcher: resuming
Thread   dispatcher: yielding
Thread    free_exit: exiting
Thread   dispatcher: resuming
Thread   dispatcher: yielding
Thread   freed_exit: exiting
Thread   dispatcher: resuming
Thread   dispatcher: yielding
Thread  free_cancel: yielding
Thread     cancelee: yielding
Thread   dispatcher: resuming
Thread   dispatcher: yielding
Thread  free_cancel: resuming
Thread  free_cancel: exiting
Thread   dispatcher: resuming
Thread   dispatcher: exiting
