Thread  <scheduler>: scheduling new thread
Thread  <scheduler>: next thread chosen
Thread        first: yielding
Thread       second: yielding
Thread        first: resuming
Thread        first: exiting
Thread  <scheduler>: scheduling new thread
Thread  <scheduler>: next thread chosen
Thread       second: resuming
Thread       second: yielding
Thread         last: yielding
Thread       second: resuming
Thread       second: yielding
Thread         last: resuming
Thread         last: exiting
Thread  <scheduler>: scheduling new thread
Thread  <scheduler>: next thread chosen
Thread       second: resuming
Thread       second: yielding
Thread       second: resuming
Thread       second: yielding
Thread       second: resuming
Thread       second: exiting
Thread  <scheduler>: all threads finished
