Thread            0: exiting
Thread            1: copying...
Thread            1: yielding
Thread            2: yielding
Thread            1: resuming
Thread            1: copying...
Thread            1: yielding
Thread            2: resuming
Thread            2: yielding
Thread            1: resuming
Thread            1: copying...
Thread            1: yielding
Thread            2: resuming
Thread            2: yielding
Thread            1: resuming
Thread            1: dog
Thread            1: exiting
Thread            2: resuming
Thread            2: copying...
Thread            2: yielding
Thread            2: resuming
Thread            2: copying...
Thread            2: yielding
Thread            2: resuming
Thread            2: copying...
Thread            2: yielding
Thread            2: resuming
Thread            2: cat
Thread            2: exiting
