Thread    signaller: yielding
Thread     receiver: hello
Thread     receiver: yielding
Thread    signaller: resuming
Thread    signaller: yielding
Thread     receiver: got a signal!
Thread    signaller: resuming
Thread    signaller: yielding
Thread     receiver: resuming
Thread     receiver: hello again
Thread     receiver: yielding
Thread    signaller: resuming
Thread    signaller: yielding
Thread     receiver: got a signal again!
Thread    signaller: resuming
Thread    signaller: yielding
Thread     receiver: resuming
Thread     receiver: removing handler
Thread     receiver: yielding
Thread    signaller: resuming
Thread    signaller: yielding
Thread     receiver: resuming
Thread     receiver: exiting
Thread    signaller: resuming
Thread    signaller: yielding
Thread    signaller: resuming
Thread    signaller: exiting
