Thread  <scheduler>: scheduling new thread
Thread  <scheduler>: next thread chosen
Thread   binary.bin: Hello
Thread   binary.bin: Adding a new thread!
Thread   binary.bin: Goodbye
Thread   binary.bin: exiting
Thread  <scheduler>: scheduling new thread
Thread  <scheduler>: next thread chosen
Thread   load_again: yielding
Thread  <scheduler>: scheduling new thread
Thread  <scheduler>: next thread chosen
Thread        other: Using a global!
Thread        other: exiting
Thread  <scheduler>: scheduling new thread
Thread  <scheduler>: next thread chosen
Thread   load_again: resuming
Thread   load_again: loading binary again
Thread   load_again: exiting
Thread  <scheduler>: scheduling new thread
Thread  <scheduler>: next thread chosen
Thread   binary.bin: Hello
Thread   binary.bin: Adding a new thread!
Thread   binary.bin: Goodbye
Thread   binary.bin: exiting
Thread  <scheduler>: scheduling new thread
Thread  <scheduler>: next thread chosen
Thread        other: Using a global!
Thread        other: exiting
Thread  <scheduler>: all threads finished
