Thread      counter: yielding
Thread            1: yielding
Thread            2: yielding
Thread      counter: resuming
Thread      counter: yielding
Thread            1: resuming
Thread            1: yielding
Thread            2: resuming
Thread            2: yielding
Thread      counter: resuming
Thread      counter: yielding
Thread            1: resuming
Thread            1: exiting
Thread            2: resuming
Thread            2: yielding
Thread      counter: resuming
Thread      counter: thread 1 exited
Thread      counter: yielding
Thread            2: resuming
Thread            2: yielding
Thread      counter: resuming
Thread      counter: yielding
Thread            2: resuming
Thread            2: exiting
Thread      counter: resuming
Thread      counter: thread 2 exited
Thread      counter: exiting
