Thread       tracee: yielding
Thread   backtracer: backtrace from branch function
0: 0x00007994 (???)
1: 0x00008E08 (???)
2: 0x000041D0 (branch)
3: 0x0000400C (ccc)
4: 0x00004044 (bbb)
5: 0x00004060 (aaa)
6: 0x00004214 (setup)
7: 0x0000723C (???)
8: 0x00000000 (<init>)
Thread   backtracer: yielding
Thread       tracee: resuming
Thread   backtracer: resuming
Thread   backtracer: backtrace from leaf function
0: 0x0000419C (leaf)
1: 0x000041D4 (branch)
2: 0x0000400C (ccc)
3: 0x00004044 (bbb)
4: 0x00004060 (aaa)
5: 0x00004214 (setup)
6: 0x0000723C (???)
7: 0x00000000 (<init>)
Thread   backtracer: exiting
Thread       tracee: exiting
