Thread     <HIDDEN>: starting scheduler
Thread  <scheduler>: scheduling new thread
Thread  <scheduler>: yielding
Thread            0: Waiting...
Thread  <scheduler>: resuming
Thread  <scheduler>: thread yielded
Thread  <scheduler>: scheduling new thread
Thread  <scheduler>: yielding
Thread            1: Waiting...
Thread  <scheduler>: resuming
Thread  <scheduler>: thread yielded
Thread  <scheduler>: scheduling new thread
Thread  <scheduler>: yielding
Thread            2: Waiting...
Thread  <scheduler>: resuming
Thread  <scheduler>: thread yielded
Thread  <scheduler>: scheduling new thread
Thread  <scheduler>: yielding
Thread            3: Waiting...
Thread  <scheduler>: resuming
Thread  <scheduler>: thread yielded
Thread  <scheduler>: scheduling new thread
Thread  <scheduler>: yielding
Thread            4: Waiting...
Thread  <scheduler>: resuming
Thread  <scheduler>: thread yielded
Thread  <scheduler>: scheduling new thread
Thread  <scheduler>: yielding
Thread    signaller: yielding
Thread  <scheduler>: resuming
Thread  <scheduler>: thread yielded
Thread  <scheduler>: scheduling new thread
Thread  <scheduler>: yielding
Thread    signaller: resuming
Thread    signaller: Signalling
Thread    signaller: yielding
Thread            0: Signalled
Thread            0: exiting
Thread  <scheduler>: resuming
Thread  <scheduler>: thread yielded
Thread  <scheduler>: scheduling new thread
Thread  <scheduler>: yielding
Thread    signaller: resuming
Thread    signaller: Signalling
Thread    signaller: yielding
Thread            1: Signalled
Thread            1: exiting
Thread  <scheduler>: resuming
Thread  <scheduler>: thread yielded
Thread  <scheduler>: scheduling new thread
Thread  <scheduler>: yielding
Thread    signaller: resuming
Thread    signaller: Broadcasting
Thread    signaller: yielding
Thread  <scheduler>: resuming
Thread  <scheduler>: thread yielded
Thread  <scheduler>: scheduling new thread
Thread  <scheduler>: yielding
Thread            2: Signalled
Thread            2: exiting
Thread  <scheduler>: resuming
Thread  <scheduler>: thread yielded
Thread  <scheduler>: scheduling new thread
Thread  <scheduler>: yielding
Thread            3: Signalled
Thread            3: exiting
Thread  <scheduler>: resuming
Thread  <scheduler>: thread yielded
Thread  <scheduler>: scheduling new thread
Thread  <scheduler>: yielding
Thread            4: Signalled
Thread            4: exiting
Thread  <scheduler>: resuming
Thread  <scheduler>: thread yielded
Thread  <scheduler>: scheduling new thread
Thread  <scheduler>: yielding
Thread    signaller: resuming
Thread    signaller: Waiting...
Thread  <scheduler>: resuming
Thread  <scheduler>: thread yielded
Thread  <scheduler>: scheduling new thread
Thread  <scheduler>: yielding
Thread final_signal: Signalling
Thread final_signal: exiting
Thread  <scheduler>: resuming
Thread  <scheduler>: thread yielded
Thread  <scheduler>: scheduling new thread
Thread  <scheduler>: yielding
Thread    signaller: exiting
Thread  <scheduler>: resuming
Thread  <scheduler>: thread yielded
Thread  <scheduler>: all threads finished
