Thread     <HIDDEN>: starting scheduler
Thread  <scheduler>: scheduling new thread
Thread  <scheduler>: yielding
Thread            0: copying...
Thread            0: yielding
Thread            1: yielding
Thread            0: resuming
Thread            0: copying...
Thread            0: yielding
Thread            1: resuming
Thread            1: yielding
Thread            0: resuming
Thread            0: copying...
Thread            0: yielding
Thread            1: resuming
Thread            1: yielding
Thread            0: resuming
Thread            0: dog
Thread            0: exiting
Thread  <scheduler>: resuming
Thread  <scheduler>: thread yielded
Thread  <scheduler>: scheduling new thread
Thread  <scheduler>: yielding
Thread            1: resuming
Thread            1: copying...
Thread            1: yielding
Thread            1: resuming
Thread            1: copying...
Thread            1: yielding
Thread            1: resuming
Thread            1: copying...
Thread            1: yielding
Thread            1: resuming
Thread            1: cat
Thread            1: exiting
Thread  <scheduler>: resuming
Thread  <scheduler>: thread yielded
Thread  <scheduler>: all threads finished
