Thread    signaller: yielding
Thread            1: Waiting...
Thread            2: Waiting...
Thread            3: Waiting...
Thread            4: Waiting...
Thread            5: Waiting...
Thread    signaller: resuming
Thread    signaller: Signalling
Thread    signaller: yielding
Thread            1: Signalled
Thread            1: exiting
Thread    signaller: resuming
Thread    signaller: Signalling
Thread    signaller: yielding
Thread            2: Signalled
Thread            2: exiting
Thread    signaller: resuming
Thread    signaller: Broadcasting
Thread    signaller: yielding
Thread            3: Signalled
Thread            3: exiting
Thread            4: Signalled
Thread            4: exiting
Thread            5: Signalled
Thread            5: exiting
Thread    signaller: resuming
Thread    signaller: Waiting...
Thread final_signal: Signalling
Thread final_signal: exiting
Thread    signaller: exiting
